# JRE version: Java(TM) SE Runtime Environment (8.0_101-b13) (build 1.8.0_101-b13)
# Java VM: Java HotSpot(TM) 64-Bit Server VM (25.101-b13 mixed mode windows-amd64 compressed oops)
Heap:
 PSYoungGen      total 75264K, used 47395K [0x000000076c400000, 0x0000000771800000, 0x00000007c0000000)
  eden space 64512K, 61% used [0x000000076c400000,0x000000076eab1400,0x0000000770300000)
  from space 10752K, 72% used [0x0000000770d80000,0x0000000771517ae0,0x0000000771800000)
  to   space 10752K, 0% used [0x0000000770300000,0x0000000770300000,0x0000000770d80000)
 ParOldGen       total 172032K, used 24K [0x00000006c4c00000, 0x00000006cf400000, 0x000000076c400000)
  object space 172032K, 0% used [0x00000006c4c00000,0x00000006c4c06000,0x00000006cf400000)
 Metaspace       used 17178K, capacity 18134K, committed 18304K, reserved 1064960K
  class space    used 2382K, capacity 2612K, committed 2688K, reserved 1048576K
GC Heap History (4 events):
Event: 4.523 GC heap before
{Heap before GC invocations=1 (full 0):
 PSYoungGen      total 75264K, used 64512K [0x000000076c400000, 0x0000000771800000, 0x00000007c0000000)
  eden space 64512K, 100% used [0x000000076c400000,0x0000000770300000,0x0000000770300000)
  from space 10752K, 0% used [0x0000000770d80000,0x0000000770d80000,0x0000000771800000)
  to   space 10752K, 0% used [0x0000000770300000,0x0000000770300000,0x0000000770d80000)
 ParOldGen       total 172032K, used 0K [0x00000006c4c00000, 0x00000006cf400000, 0x000000076c400000)
  object space 172032K, 0% used [0x00000006c4c00000,0x00000006c4c00000,0x00000006cf400000)
 Metaspace       used 16646K, capacity 17638K, committed 17792K, reserved 1064960K
  class space    used 2371K, capacity 2602K, committed 2688K, reserved 1048576K
Event: 4.531 GC heap after
Heap after GC invocations=1 (full 0):
 PSYoungGen      total 75264K, used 7214K [0x000000076c400000, 0x0000000771800000, 0x00000007c0000000)
  eden space 64512K, 0% used [0x000000076c400000,0x000000076c400000,0x0000000770300000)
  from space 10752K, 67% used [0x0000000770300000,0x0000000770a0bad0,0x0000000770d80000)
  to   space 10752K, 0% used [0x0000000770d80000,0x0000000770d80000,0x0000000771800000)
 ParOldGen       total 172032K, used 16K [0x00000006c4c00000, 0x00000006cf400000, 0x000000076c400000)
  object space 172032K, 0% used [0x00000006c4c00000,0x00000006c4c04000,0x00000006cf400000)
 Metaspace       used 16646K, capacity 17638K, committed 17792K, reserved 1064960K
  class space    used 2371K, capacity 2602K, committed 2688K, reserved 1048576K
}
Event: 7.002 GC heap before
{Heap before GC invocations=2 (full 0):
 PSYoungGen      total 75264K, used 71726K [0x000000076c400000, 0x0000000771800000, 0x00000007c0000000)
  eden space 64512K, 100% used [0x000000076c400000,0x0000000770300000,0x0000000770300000)
  from space 10752K, 67% used [0x0000000770300000,0x0000000770a0bad0,0x0000000770d80000)
  to   space 10752K, 0% used [0x0000000770d80000,0x0000000770d80000,0x0000000771800000)
 ParOldGen       total 172032K, used 16K [0x00000006c4c00000, 0x00000006cf400000, 0x000000076c400000)
  object space 172032K, 0% used [0x00000006c4c00000,0x00000006c4c04000,0x00000006cf400000)
 Metaspace       used 16991K, capacity 17966K, committed 18304K, reserved 1064960K
  class space    used 2372K, capacity 2602K, committed 2688K, reserved 1048576K
Event: 7.011 GC heap after
Heap after GC invocations=2 (full 0):
 PSYoungGen      total 75264K, used 7774K [0x000000076c400000, 0x0000000771800000, 0x00000007c0000000)
  eden space 64512K, 0% used [0x000000076c400000,0x000000076c400000,0x0000000770300000)
  from space 10752K, 72% used [0x0000000770d80000,0x0000000771517ae0,0x0000000771800000)
  to   space 10752K, 0% used [0x0000000770300000,0x0000000770300000,0x0000000770d80000)
 ParOldGen       total 172032K, used 24K [0x00000006c4c00000, 0x00000006cf400000, 0x000000076c400000)
  object space 172032K, 0% used [0x00000006c4c00000,0x00000006c4c06000,0x00000006cf400000)
 Metaspace       used 16991K, capacity 17966K, committed 18304K, reserved 1064960K
  class space    used 2372K, capacity 2602K, committed 2688K, reserved 1048576K
}

